<?xml version="1.0" encoding="UTF-8"?>
<!-- Generated by org.testng.reporters.JUnitXMLReporter -->
<testsuite ignored="0" hostname="IBM-PF37EQCD" failures="0" tests="2" name="Default test" time="16.989" errors="0" timestamp="2024-09-15T22:40:44 IST">
  <testcase classname="com.ibm.ecommerceapplication.tests.LoginFunctionalityReadingDataFromExcelDDT" name="validLoginMessagetest" time="3.965"/>
  <testcase classname="com.ibm.ecommerceapplication.tests.LoginFunctionalityReadingDataFromExcelDDT" name="validLoginMessagetest" time="4.369"/>
</testsuite> <!-- Default test -->
