<?xml version="1.0" encoding="UTF-8"?>
<!-- Generated by org.testng.reporters.JUnitXMLReporter -->
<testsuite ignored="0" hostname="IBM-PF37EQCD" failures="0" tests="2" name="Test1" time="23.485" errors="0" timestamp="2024-09-16T14:40:45 IST">
  <testcase classname="com.ibm.ecommerceapplication.tests.LoginFunctionalityTest" name="invalidLoginMessagetest" time="4.136"/>
  <testcase classname="com.ibm.ecommerceapplication.tests.LoginFunctionalityTest" name="validLoginMessagetest" time="4.182"/>
</testsuite> <!-- Test1 -->
