<?xml version="1.0" encoding="UTF-8"?>
<!-- Generated by org.testng.reporters.JUnitXMLReporter -->
<testsuite ignored="0" hostname="IBM-PF37EQCD" failures="1" tests="3" name="Test1" time="24.342" errors="0" timestamp="2024-09-16T10:56:40 IST">
  <testcase classname="com.ibm.ecommerceapplication.tests.LoginFunctionalityTest" name="invalidLoginMessagetest" time="3.958">
    <skipped/>
  </testcase> <!-- invalidLoginMessagetest -->
  <testcase classname="com.ibm.ecommerceapplication.tests.LoginFunctionalityTest" name="invalidLoginMessagetest" time="3.971">
    <failure type="java.lang.AssertionError" message="expected [Incorrect email or password.] but found [Login Successfully]">
      <![CDATA[java.lang.AssertionError: expected [Incorrect email or password.] but found [Login Successfully]
at com.ibm.ecommerceapplication.tests.LoginFunctionalityTest.invalidLoginMessagetest(LoginFunctionalityTest.java:21)
at java.base/java.util.ArrayList.forEach(ArrayList.java:1511)
at java.base/java.util.concurrent.FutureTask.run(FutureTask.java:264)
at java.base/java.util.concurrent.ThreadPoolExecutor.runWorker(ThreadPoolExecutor.java:1136)
at java.base/java.util.concurrent.ThreadPoolExecutor$Worker.run(ThreadPoolExecutor.java:635)
at java.base/java.lang.Thread.run(Thread.java:842)
... Removed 24 stack frames]]>
    </failure>
  </testcase> <!-- invalidLoginMessagetest -->
  <testcase classname="com.ibm.ecommerceapplication.tests.LoginFunctionalityTest" name="validLoginMessagetest" time="4.632"/>
</testsuite> <!-- Test1 -->
