<?xml version="1.0" encoding="UTF-8"?>
<!-- Generated by org.testng.reporters.JUnitXMLReporter -->
<testsuite ignored="1" hostname="IBM-PF37EQCD" failures="1" tests="1" name="Test1(failed)" time="19.682" errors="0" timestamp="2024-09-16T10:46:48 IST">
  <testcase classname="com.ibm.ecommerceapplication.tests.LoginFunctionalityTest" name="invalidLoginMessagetest" time="5.041">
    <failure type="java.lang.AssertionError" message="expected [Incorrect email or password.] but found [Login Successfully]">
      <![CDATA[java.lang.AssertionError: expected [Incorrect email or password.] but found [Login Successfully]
at com.ibm.ecommerceapplication.tests.LoginFunctionalityTest.invalidLoginMessagetest(LoginFunctionalityTest.java:20)
at java.base/java.util.ArrayList.forEach(ArrayList.java:1511)
at java.base/java.util.concurrent.FutureTask.run(FutureTask.java:264)
at java.base/java.util.concurrent.ThreadPoolExecutor.runWorker(ThreadPoolExecutor.java:1136)
at java.base/java.util.concurrent.ThreadPoolExecutor$Worker.run(ThreadPoolExecutor.java:635)
at java.base/java.lang.Thread.run(Thread.java:842)
... Removed 24 stack frames]]>
    </failure>
  </testcase> <!-- invalidLoginMessagetest -->
  <testcase classname="com.ibm.ecommerceapplication.tests.LoginFunctionalityTest" name="validLoginMessagetest" time="0.0">
    <ignored/>
  </testcase> <!-- validLoginMessagetest -->
</testsuite> <!-- Test1(failed) -->
