<?xml version="1.0" encoding="UTF-8"?>
<testng-results ignored="0" total="2" passed="2" failed="0" skipped="0">
  <reporter-output>
  </reporter-output>
  <suite started-at="2024-09-16T14:40:22 IST" name="Suite" finished-at="2024-09-16T14:40:45 IST" duration-ms="23485">
    <groups>
      <group name="EndToEnd">
        <method signature="LoginFunctionalityTest.validLoginMessagetest()[pri:0, instance:com.ibm.ecommerceapplication.tests.LoginFunctionalityTest@480d3575]" name="validLoginMessagetest" class="com.ibm.ecommerceapplication.tests.LoginFunctionalityTest"/>
      </group> <!-- EndToEnd -->
      <group name="regression">
        <method signature="LoginFunctionalityTest.invalidLoginMessagetest()[pri:0, instance:com.ibm.ecommerceapplication.tests.LoginFunctionalityTest@480d3575]" name="invalidLoginMessagetest" class="com.ibm.ecommerceapplication.tests.LoginFunctionalityTest"/>
        <method signature="LoginFunctionalityTest.validLoginMessagetest()[pri:0, instance:com.ibm.ecommerceapplication.tests.LoginFunctionalityTest@480d3575]" name="validLoginMessagetest" class="com.ibm.ecommerceapplication.tests.LoginFunctionalityTest"/>
      </group> <!-- regression -->
      <group name="sanity">
        <method signature="LoginFunctionalityTest.validLoginMessagetest()[pri:0, instance:com.ibm.ecommerceapplication.tests.LoginFunctionalityTest@480d3575]" name="validLoginMessagetest" class="com.ibm.ecommerceapplication.tests.LoginFunctionalityTest"/>
      </group> <!-- sanity -->
    </groups>
    <test started-at="2024-09-16T14:40:22 IST" name="Test1" finished-at="2024-09-16T14:40:45 IST" duration-ms="23485">
      <class name="com.ibm.ecommerceapplication.tests.LoginFunctionalityTest">
        <test-method is-config="true" signature="launchApplication()[pri:0, instance:com.ibm.ecommerceapplication.tests.LoginFunctionalityTest@480d3575]" started-at="2024-09-16T14:40:22 IST" name="launchApplication" finished-at="2024-09-16T14:40:32 IST" duration-ms="9916" status="PASS">
          <reporter-output>
          </reporter-output>
        </test-method> <!-- launchApplication -->
        <test-method signature="invalidLoginMessagetest()[pri:0, instance:com.ibm.ecommerceapplication.tests.LoginFunctionalityTest@480d3575]" started-at="2024-09-16T14:40:32 IST" name="invalidLoginMessagetest" finished-at="2024-09-16T14:40:36 IST" duration-ms="4136" status="PASS">
          <reporter-output>
          </reporter-output>
        </test-method> <!-- invalidLoginMessagetest -->
        <test-method is-config="true" signature="tearDown()[pri:0, instance:com.ibm.ecommerceapplication.tests.LoginFunctionalityTest@480d3575]" started-at="2024-09-16T14:40:36 IST" name="tearDown" finished-at="2024-09-16T14:40:36 IST" duration-ms="378" status="PASS">
          <reporter-output>
          </reporter-output>
        </test-method> <!-- tearDown -->
        <test-method is-config="true" signature="launchApplication()[pri:0, instance:com.ibm.ecommerceapplication.tests.LoginFunctionalityTest@480d3575]" started-at="2024-09-16T14:40:36 IST" name="launchApplication" finished-at="2024-09-16T14:40:41 IST" duration-ms="4474" status="PASS">
          <reporter-output>
          </reporter-output>
        </test-method> <!-- launchApplication -->
        <test-method signature="validLoginMessagetest()[pri:0, instance:com.ibm.ecommerceapplication.tests.LoginFunctionalityTest@480d3575]" started-at="2024-09-16T14:40:41 IST" name="validLoginMessagetest" finished-at="2024-09-16T14:40:45 IST" duration-ms="4182" status="PASS">
          <reporter-output>
          </reporter-output>
        </test-method> <!-- validLoginMessagetest -->
        <test-method is-config="true" signature="tearDown()[pri:0, instance:com.ibm.ecommerceapplication.tests.LoginFunctionalityTest@480d3575]" started-at="2024-09-16T14:40:45 IST" name="tearDown" finished-at="2024-09-16T14:40:45 IST" duration-ms="313" status="PASS">
          <reporter-output>
          </reporter-output>
        </test-method> <!-- tearDown -->
      </class> <!-- com.ibm.ecommerceapplication.tests.LoginFunctionalityTest -->
    </test> <!-- Test1 -->
  </suite> <!-- Suite -->
</testng-results>
